setting 'ivy.default.settings.dir' to 'jar:file:/Users/ricardomourad/projetos/scala-koans/sbt-launch.jar!/org/apache/ivy/core/settings'
setting 'ivy.basedir' to '/Users/ricardomourad/projetos/scala-koans/.'
setting 'ivy.default.conf.dir' to 'jar:file:/Users/ricardomourad/projetos/scala-koans/sbt-launch.jar!/org/apache/ivy/core/settings'
impossible to define new type: class not found: org.apache.ivy.plugins.resolver.SshResolver in [] nor Ivy classloader
impossible to define new type: class not found: org.apache.ivy.plugins.resolver.VsftpResolver in [] nor Ivy classloader
impossible to define new type: class not found: org.apache.ivy.plugins.version.PatternVersionMatcher in [] nor Ivy classloader
impossible to define new type: class not found: org.apache.ivy.plugins.trigger.LogTrigger in [] nor Ivy classloader
impossible to define new type: class not found: org.apache.ivy.ant.AntBuildTrigger in [] nor Ivy classloader
impossible to define new type: class not found: org.apache.ivy.plugins.resolver.IvyRepResolver in [] nor Ivy classloader
impossible to define new type: class not found: org.apache.ivy.plugins.signer.bouncycastle.OpenPGPSignatureGenerator in [] nor Ivy classloader
impossible to define new type: class not found: org.apache.ivy.plugins.conflict.RegexpConflictManager in [] nor Ivy classloader
impossible to define new type: class not found: org.apache.ivy.plugins.resolver.SFTPResolver in [] nor Ivy classloader
impossible to define new type: class not found: org.apache.ivy.osgi.updatesite.UpdateSiteResolver in [] nor Ivy classloader
impossible to define new type: class not found: org.apache.ivy.ant.AntCallTrigger in [] nor Ivy classloader
impossible to define new type: class not found: org.apache.ivy.plugins.resolver.MirroredURLResolver in [] nor Ivy classloader
impossible to define new type: class not found: org.apache.ivy.plugins.resolver.packager.PackagerResolver in [] nor Ivy classloader
impossible to define new type: class not found: org.apache.ivy.plugins.resolver.DualResolver in [] nor Ivy classloader
impossible to define new type: class not found: org.apache.ivy.plugins.resolver.VfsResolver in [] nor Ivy classloader
impossible to define new type: class not found: org.apache.ivy.plugins.resolver.JarResolver in [] nor Ivy classloader
impossible to define new type: class not found: org.apache.ivy.osgi.obr.OBRResolver in [] nor Ivy classloader
impossible to define glob matcher: org.apache.ivy.plugins.matcher.GlobPatternMatcher was not found.
setting 'jline.esc.timeout' to '0'
setting 'sbt.ivy.home' to './ivyrepo'
setting 'java.runtime.name' to 'Java(TM) SE Runtime Environment'
setting 'sun.boot.library.path' to '/Library/Java/JavaVirtualMachines/jdk1.7.0_71.jdk/Contents/Home/jre/lib'
setting 'java.vm.version' to '24.71-b01-dcevmlight-2'
setting 'gopherProxySet' to 'false'
setting 'java.vm.vendor' to 'Oracle Corporation'
setting 'java.vendor.url' to 'http://java.oracle.com/'
setting 'path.separator' to ':'
setting 'java.vm.name' to 'Dynamic Code Evolution 64-Bit Server VM'
setting 'file.encoding.pkg' to 'sun.io'
setting 'user.country' to 'BR'
setting 'sun.java.launcher' to 'SUN_STANDARD'
setting 'sun.os.patch.level' to 'unknown'
setting 'java.vm.specification.name' to 'Java Virtual Machine Specification'
setting 'user.dir' to '/Users/ricardomourad/projetos/scala-koans'
setting 'java.runtime.version' to '1.7.0_71-b14'
setting 'java.awt.graphicsenv' to 'sun.awt.CGraphicsEnvironment'
setting 'java.endorsed.dirs' to '/Library/Java/JavaVirtualMachines/jdk1.7.0_71.jdk/Contents/Home/jre/lib/endorsed'
setting 'os.arch' to 'x86_64'
setting 'java.io.tmpdir' to '/var/folders/56/pgsls0sn3jnbl1ndc0rcc6rw0000gs/T/'
setting 'line.separator' to '
'
setting 'java.vm.specification.vendor' to 'Oracle Corporation'
setting 'os.name' to 'Mac OS X'
setting 'sun.jnu.encoding' to 'UTF-8'
setting 'java.library.path' to '/Users/ricardomourad/Library/Java/Extensions:/Library/Java/Extensions:/Network/Library/Java/Extensions:/System/Library/Java/Extensions:/usr/lib/java:.'
setting 'java.specification.name' to 'Java Platform API Specification'
setting 'java.class.version' to '51.0'
setting 'sun.management.compiler' to 'HotSpot 64-Bit Tiered Compilers'
setting 'os.version' to '10.10.4'
setting 'http.nonProxyHosts' to 'local|*.local|169.254/16|*.169.254/16'
setting 'user.home' to '/Users/ricardomourad'
setting 'user.timezone' to 'America/Sao_Paulo'
setting 'java.awt.printerjob' to 'sun.lwawt.macosx.CPrinterJob'
setting 'file.encoding' to 'UTF8'
setting 'java.specification.version' to '1.7'
setting 'java.class.path' to './sbt-launch.jar'
setting 'user.name' to 'ricardomurad'
setting 'jline.shutdownhook' to 'false'
setting 'java.vm.specification.version' to '1.7'
setting 'sun.java.command' to './sbt-launch.jar'
setting 'java.home' to '/Library/Java/JavaVirtualMachines/jdk1.7.0_71.jdk/Contents/Home/jre'
setting 'sun.arch.data.model' to '64'
setting 'user.language' to 'pt'
setting 'java.specification.vendor' to 'Oracle Corporation'
setting 'awt.toolkit' to 'sun.lwawt.macosx.LWCToolkit'
setting 'java.vm.info' to 'mixed mode'
setting 'java.version' to '1.7.0_71'
setting 'java.ext.dirs' to '/Users/ricardomourad/Library/Java/Extensions:/Library/Java/JavaVirtualMachines/jdk1.7.0_71.jdk/Contents/Home/jre/lib/ext:/Library/Java/Extensions:/Network/Library/Java/Extensions:/System/Library/Java/Extensions:/usr/lib/java'
setting 'sun.boot.class.path' to '/Library/Java/JavaVirtualMachines/jdk1.7.0_71.jdk/Contents/Home/jre/lib/resources.jar:/Library/Java/JavaVirtualMachines/jdk1.7.0_71.jdk/Contents/Home/jre/lib/rt.jar:/Library/Java/JavaVirtualMachines/jdk1.7.0_71.jdk/Contents/Home/jre/lib/sunrsasign.jar:/Library/Java/JavaVirtualMachines/jdk1.7.0_71.jdk/Contents/Home/jre/lib/jsse.jar:/Library/Java/JavaVirtualMachines/jdk1.7.0_71.jdk/Contents/Home/jre/lib/jce.jar:/Library/Java/JavaVirtualMachines/jdk1.7.0_71.jdk/Contents/Home/jre/lib/charsets.jar:/Library/Java/JavaVirtualMachines/jdk1.7.0_71.jdk/Contents/Home/jre/lib/jfr.jar:/Library/Java/JavaVirtualMachines/jdk1.7.0_71.jdk/Contents/Home/jre/classes'
setting 'java.vendor' to 'Oracle Corporation'
setting 'file.separator' to '/'
setting 'java.vendor.url.bug' to 'http://bugreport.sun.com/bugreport/'
setting 'sun.io.unicode.encoding' to 'UnicodeBig'
setting 'sun.cpu.endian' to 'little'
setting 'sbt.boot.directory' to './sbtboot'
setting 'socksNonProxyHosts' to 'local|*.local|169.254/16|*.169.254/16'
setting 'ftp.nonProxyHosts' to 'local|*.local|169.254/16|*.169.254/16'
setting 'sun.cpu.isalist' to ''
setting 'ivy.default.ivy.user.dir' to '/Users/ricardomourad/projetos/scala-koans/ivyrepo'
setting 'ivy.home' to '/Users/ricardomourad/projetos/scala-koans/ivyrepo'
setting 'ivy.cache.dir' to '/Users/ricardomourad/projetos/scala-koans/ivyrepo/cache'
no default cache defined: set to /Users/ricardomourad/projetos/scala-koans/ivyrepo/cache
setting 'ivy.checksums' to 'sha1,md5'
setting 'ivy.basedir' to '/Users/ricardomourad/projetos/scala-koans/sbtboot'
setting 'basedir' to '/Users/ricardomourad/projetos/scala-koans/sbtboot'
setting 'scala' to '2.10.3'
:: resolving dependencies :: org.scala-sbt#boot-scala;1.0
	confs: [default]
	validate = true
	refresh = false
resolving dependencies for configuration 'default'
== resolving dependencies for org.scala-sbt#boot-scala;1.0 [default]
loadData of org.scala-sbt#boot-scala;1.0 of rootConf=default
== resolving dependencies org.scala-sbt#boot-scala;1.0->org.scala-lang#scala-compiler;2.10.3 [default->default]
loadData of org.scala-lang#scala-compiler;2.10.3 of rootConf=default
	using redefined-public to resolve org.scala-lang#scala-compiler;2.10.3
redefined-public: Checking cache for: dependency: org.scala-lang#scala-compiler;2.10.3 {default=[default, optional(default)]}
redefined-public: no namespace defined: using system
No entry is found in the ModuleDescriptorCache : /Users/ricardomourad/projetos/scala-koans/ivyrepo/cache/org.scala-lang/scala-compiler/ivy-2.10.3.xml
post 1.3 ivy file: using exact as default matcher
	resolver not found: null => trying to use the one configured for org.scala-lang#scala-compiler;2.10.3
	configured resolver found for org.scala-lang#scala-compiler;2.10.3: redefined-public: saving this data
	found ivy file in cache for org.scala-lang#scala-compiler;2.10.3 (resolved by redefined-public): /Users/ricardomourad/projetos/scala-koans/ivyrepo/cache/org.scala-lang/scala-compiler/ivy-2.10.3.xml
redefined-public: module revision found in cache: org.scala-lang#scala-compiler;2.10.3
redefined-public: no latest strategy defined: using default
	found org.scala-lang#scala-compiler;2.10.3 in redefined-public
== resolving dependencies org.scala-sbt#boot-scala;1.0->org.scala-lang#scala-compiler;2.10.3 [default->runtime]
loadData of org.scala-lang#scala-compiler;2.10.3 of rootConf=default
== resolving dependencies org.scala-sbt#boot-scala;1.0->org.scala-lang#scala-compiler;2.10.3 [default->compile]
loadData of org.scala-lang#scala-compiler;2.10.3 of rootConf=default
== resolving dependencies org.scala-lang#scala-compiler;2.10.3->org.scala-lang#scala-library;2.10.3 [compile->master(*)]
loadData of org.scala-lang#scala-library;2.10.3 of rootConf=default
	using redefined-public to resolve org.scala-lang#scala-library;2.10.3
redefined-public: Checking cache for: dependency: org.scala-lang#scala-library;2.10.3 {compile=[compile(*), master(*)], runtime=[runtime(*)]}
No entry is found in the ModuleDescriptorCache : /Users/ricardomourad/projetos/scala-koans/ivyrepo/cache/org.scala-lang/scala-library/ivy-2.10.3.xml
post 1.3 ivy file: using exact as default matcher
	resolver not found: null => trying to use the one configured for org.scala-lang#scala-library;2.10.3
	configured resolver found for org.scala-lang#scala-library;2.10.3: redefined-public: saving this data
	found ivy file in cache for org.scala-lang#scala-library;2.10.3 (resolved by redefined-public): /Users/ricardomourad/projetos/scala-koans/ivyrepo/cache/org.scala-lang/scala-library/ivy-2.10.3.xml
redefined-public: module revision found in cache: org.scala-lang#scala-library;2.10.3
	found org.scala-lang#scala-library;2.10.3 in redefined-public
loadData of org.scala-lang#scala-library;2.10.3 of rootConf=default
	[2.10.3] org.scala-lang#scala-library;2.10.3
== resolving dependencies org.scala-lang#scala-compiler;2.10.3->org.scala-lang#scala-library;2.10.3 [compile->compile(*)]
loadData of org.scala-lang#scala-library;2.10.3 of rootConf=default
== resolving dependencies org.scala-lang#scala-compiler;2.10.3->org.scala-lang#scala-library;2.10.3 [compile->default]
loadData of org.scala-lang#scala-library;2.10.3 of rootConf=default
== resolving dependencies org.scala-lang#scala-compiler;2.10.3->org.scala-lang#scala-library;2.10.3 [compile->runtime]
loadData of org.scala-lang#scala-library;2.10.3 of rootConf=default
== resolving dependencies org.scala-lang#scala-compiler;2.10.3->org.scala-lang#scala-library;2.10.3 [compile->compile]
loadData of org.scala-lang#scala-library;2.10.3 of rootConf=default
== resolving dependencies org.scala-lang#scala-compiler;2.10.3->org.scala-lang#scala-library;2.10.3 [compile->master]
loadData of org.scala-lang#scala-library;2.10.3 of rootConf=default
== resolving dependencies org.scala-lang#scala-compiler;2.10.3->org.scala-lang#scala-library;2.10.3 [compile->runtime(*)]
loadData of org.scala-lang#scala-library;2.10.3 of rootConf=default
== resolving dependencies org.scala-lang#scala-compiler;2.10.3->org.scala-lang#scala-library;2.10.3 [compile->compile]
loadData of org.scala-lang#scala-library;2.10.3 of rootConf=default
default is loaded and no conf to load.  Skip loading
== resolving dependencies org.scala-lang#scala-compiler;2.10.3->org.scala-lang#scala-reflect;2.10.3 [compile->master(*)]
loadData of org.scala-lang#scala-reflect;2.10.3 of rootConf=default
	using redefined-public to resolve org.scala-lang#scala-reflect;2.10.3
redefined-public: Checking cache for: dependency: org.scala-lang#scala-reflect;2.10.3 {compile=[compile(*), master(*)], runtime=[runtime(*)]}
No entry is found in the ModuleDescriptorCache : /Users/ricardomourad/projetos/scala-koans/ivyrepo/cache/org.scala-lang/scala-reflect/ivy-2.10.3.xml
post 1.3 ivy file: using exact as default matcher
	resolver not found: null => trying to use the one configured for org.scala-lang#scala-reflect;2.10.3
	configured resolver found for org.scala-lang#scala-reflect;2.10.3: redefined-public: saving this data
	found ivy file in cache for org.scala-lang#scala-reflect;2.10.3 (resolved by redefined-public): /Users/ricardomourad/projetos/scala-koans/ivyrepo/cache/org.scala-lang/scala-reflect/ivy-2.10.3.xml
redefined-public: module revision found in cache: org.scala-lang#scala-reflect;2.10.3
	found org.scala-lang#scala-reflect;2.10.3 in redefined-public
== resolving dependencies org.scala-lang#scala-compiler;2.10.3->org.scala-lang#scala-reflect;2.10.3 [compile->compile(*)]
loadData of org.scala-lang#scala-reflect;2.10.3 of rootConf=default
== resolving dependencies org.scala-lang#scala-reflect;2.10.3->org.scala-lang#scala-library;2.10.3 [compile->master(*)]
loadData of org.scala-lang#scala-library;2.10.3 of rootConf=default
default is loaded and no conf to load.  Skip loading
== resolving dependencies org.scala-lang#scala-reflect;2.10.3->org.scala-lang#scala-library;2.10.3 [compile->compile(*)]
loadData of org.scala-lang#scala-library;2.10.3 of rootConf=default
default is loaded and no conf to load.  Skip loading
== resolving dependencies org.scala-lang#scala-compiler;2.10.3->org.scala-lang#scala-reflect;2.10.3 [compile->runtime(*)]
loadData of org.scala-lang#scala-reflect;2.10.3 of rootConf=default
== resolving dependencies org.scala-lang#scala-compiler;2.10.3->org.scala-lang#scala-reflect;2.10.3 [compile->compile]
loadData of org.scala-lang#scala-reflect;2.10.3 of rootConf=default
== resolving dependencies org.scala-lang#scala-reflect;2.10.3->org.scala-lang#scala-library;2.10.3 [runtime->runtime(*)]
loadData of org.scala-lang#scala-library;2.10.3 of rootConf=default
default is loaded and no conf to load.  Skip loading
== resolving dependencies org.scala-lang#scala-reflect;2.10.3->org.scala-lang#scala-library;2.10.3 [runtime->compile]
loadData of org.scala-lang#scala-library;2.10.3 of rootConf=default
default is loaded and no conf to load.  Skip loading
== resolving dependencies org.scala-lang#scala-compiler;2.10.3->org.scala-lang#scala-library;2.10.3 [runtime->runtime(*)]
loadData of org.scala-lang#scala-library;2.10.3 of rootConf=default
default is loaded and no conf to load.  Skip loading
== resolving dependencies org.scala-lang#scala-compiler;2.10.3->org.scala-lang#scala-library;2.10.3 [runtime->compile]
loadData of org.scala-lang#scala-library;2.10.3 of rootConf=default
default is loaded and no conf to load.  Skip loading
== resolving dependencies org.scala-lang#scala-compiler;2.10.3->org.scala-lang#scala-reflect;2.10.3 [runtime->runtime(*)]
loadData of org.scala-lang#scala-reflect;2.10.3 of rootConf=default
default is loaded and no conf to load.  Skip loading
== resolving dependencies org.scala-lang#scala-compiler;2.10.3->org.scala-lang#scala-reflect;2.10.3 [runtime->compile]
loadData of org.scala-lang#scala-reflect;2.10.3 of rootConf=default
default is loaded and no conf to load.  Skip loading
== resolving dependencies org.scala-sbt#boot-scala;1.0->org.scala-lang#scala-compiler;2.10.3 [default->master]
loadData of org.scala-lang#scala-compiler;2.10.3 of rootConf=default
== resolving dependencies org.scala-sbt#boot-scala;1.0->org.scala-lang#scala-compiler;2.10.3 [default->optional(default)]
loadData of org.scala-lang#scala-compiler;2.10.3 of rootConf=default
== resolving dependencies org.scala-lang#scala-compiler;2.10.3->org.scala-lang#jline;2.10.3 [optional->master(*)]
loadData of org.scala-lang#jline;2.10.3 of rootConf=default
	using redefined-public to resolve org.scala-lang#jline;2.10.3
redefined-public: Checking cache for: dependency: org.scala-lang#jline;2.10.3 {optional=[compile(*), master(*)]}
	no ivy file in cache for org.scala-lang#jline;2.10.3: tried /Users/ricardomourad/projetos/scala-koans/ivyrepo/cache/org.scala-lang/jline/ivy-2.10.3.xml
local: no namespace defined: using system
	no ivy file in cache for org.scala-lang#jline;2.10.3: tried /Users/ricardomourad/projetos/scala-koans/ivyrepo/cache/org.scala-lang/jline/ivy-2.10.3.xml
	 trying /Users/ricardomourad/projetos/scala-koans/ivyrepo/local/org.scala-lang/jline/2.10.3/ivys/ivy.xml
		tried /Users/ricardomourad/projetos/scala-koans/ivyrepo/local/org.scala-lang/jline/2.10.3/ivys/ivy.xml
	local: resource not reachable for org.scala-lang#jline;2.10.3: res=/Users/ricardomourad/projetos/scala-koans/ivyrepo/local/org.scala-lang/jline/2.10.3/ivys/ivy.xml
	 trying /Users/ricardomourad/projetos/scala-koans/ivyrepo/local/org.scala-lang/jline/2.10.3/jars/jline.jar
		tried /Users/ricardomourad/projetos/scala-koans/ivyrepo/local/org.scala-lang/jline/2.10.3/jars/jline.jar
	local: resource not reachable for org.scala-lang#jline;2.10.3: res=/Users/ricardomourad/projetos/scala-koans/ivyrepo/local/org.scala-lang/jline/2.10.3/jars/jline.jar
	local: no ivy file nor artifact found for org.scala-lang#jline;2.10.3
activator-local: no namespace defined: using system
	no ivy file in cache for org.scala-lang#jline;2.10.3: tried /Users/ricardomourad/projetos/scala-koans/ivyrepo/cache/org.scala-lang/jline/ivy-2.10.3.xml
	 trying file:/Users/ricardomourad/tools/activator-dist-1.3.6/repository/org.scala-lang/jline/2.10.3/ivys/ivy.xml
		tried file:/Users/ricardomourad/tools/activator-dist-1.3.6/repository/org.scala-lang/jline/2.10.3/ivys/ivy.xml
	activator-local: resource not reachable for org.scala-lang#jline;2.10.3: res=file:/Users/ricardomourad/tools/activator-dist-1.3.6/repository/org.scala-lang/jline/2.10.3/ivys/ivy.xml
	activator-local: no ivy file found for org.scala-lang#jline;2.10.3
activator-launcher-local: no namespace defined: using system
	no ivy file in cache for org.scala-lang#jline;2.10.3: tried /Users/ricardomourad/projetos/scala-koans/ivyrepo/cache/org.scala-lang/jline/ivy-2.10.3.xml
	 trying file:/doesnotexist/repository/org.scala-lang/jline/2.10.3/ivys/ivy.xml
		tried file:/doesnotexist/repository/org.scala-lang/jline/2.10.3/ivys/ivy.xml
	activator-launcher-local: resource not reachable for org.scala-lang#jline;2.10.3: res=file:/doesnotexist/repository/org.scala-lang/jline/2.10.3/ivys/ivy.xml
	activator-launcher-local: no ivy file found for org.scala-lang#jline;2.10.3
Maven Central: no namespace defined: using system
	no ivy file in cache for org.scala-lang#jline;2.10.3: tried /Users/ricardomourad/projetos/scala-koans/ivyrepo/cache/org.scala-lang/jline/ivy-2.10.3.xml
	 trying http://repo1.maven.org/maven2/org/scala-lang/jline/2.10.3/jline-2.10.3.pom
		tried http://repo1.maven.org/maven2/org/scala-lang/jline/2.10.3/jline-2.10.3.pom
	Maven Central: found md file for org.scala-lang#jline;2.10.3
		=> http://repo1.maven.org/maven2/org/scala-lang/jline/2.10.3/jline-2.10.3.pom (2.10.3)
	parser = pom parser
	no ivy file in cache for org.scala-lang#jline;2.10.3: tried /Users/ricardomourad/projetos/scala-koans/ivyrepo/cache/org.scala-lang/jline/ivy-2.10.3.xml
downloading http://repo1.maven.org/maven2/org/scala-lang/jline/2.10.3/jline-2.10.3.pom ...
	Maven Central: downloading http://repo1.maven.org/maven2/org/scala-lang/jline/2.10.3/jline-2.10.3.pom
		to /Users/ricardomourad/projetos/scala-koans/ivyrepo/cache/org.scala-lang/jline/ivy-2.10.3.xml.original.part
sha1 file found for http://repo1.maven.org/maven2/org/scala-lang/jline/2.10.3/jline-2.10.3.pom: checking...
	Maven Central: downloading http://repo1.maven.org/maven2/org/scala-lang/jline/2.10.3/jline-2.10.3.pom.sha1
		to /var/folders/56/pgsls0sn3jnbl1ndc0rcc6rw0000gs/T/ivytmp209446846727706929sha1
sha1 OK for http://repo1.maven.org/maven2/org/scala-lang/jline/2.10.3/jline-2.10.3.pom
	[SUCCESSFUL ] org.scala-lang#jline;2.10.3!jline.pom(pom.original) (799ms)
	 trying /Users/ricardomourad/projetos/scala-koans/ivyrepo/local/org.scala-lang/jline/2.10.3/jars/jline.jar
		tried /Users/ricardomourad/projetos/scala-koans/ivyrepo/local/org.scala-lang/jline/2.10.3/jars/jline.jar
	local: resource not reachable for org.scala-lang#jline;2.10.3: res=/Users/ricardomourad/projetos/scala-koans/ivyrepo/local/org.scala-lang/jline/2.10.3/jars/jline.jar
	 trying file:/Users/ricardomourad/tools/activator-dist-1.3.6/repository/org.scala-lang/jline/2.10.3/jars/jline.jar
		tried file:/Users/ricardomourad/tools/activator-dist-1.3.6/repository/org.scala-lang/jline/2.10.3/jars/jline.jar
	activator-local: resource not reachable for org.scala-lang#jline;2.10.3: res=file:/Users/ricardomourad/tools/activator-dist-1.3.6/repository/org.scala-lang/jline/2.10.3/jars/jline.jar
	 trying file:/doesnotexist/repository/org.scala-lang/jline/2.10.3/jars/jline.jar
		tried file:/doesnotexist/repository/org.scala-lang/jline/2.10.3/jars/jline.jar
	activator-launcher-local: resource not reachable for org.scala-lang#jline;2.10.3: res=file:/doesnotexist/repository/org.scala-lang/jline/2.10.3/jars/jline.jar
	 trying http://repo1.maven.org/maven2/org/scala-lang/jline/2.10.3/jline-2.10.3.jar
		tried http://repo1.maven.org/maven2/org/scala-lang/jline/2.10.3/jline-2.10.3.jar
no source artifact found for org.scala-lang#jline;2.10.3
no javadoc artifact found for org.scala-lang#jline;2.10.3
	default-cache: parsed downloaded md file for org.scala-lang#jline;2.10.3; parsed=org.scala-lang#jline;2.10.3
	checking org.scala-lang#jline;2.10.3 from Maven Central against [none]
	module revision kept as first found: org.scala-lang#jline;2.10.3 from Maven Central
	found org.scala-lang#jline;2.10.3 in Maven Central
== resolving dependencies org.scala-lang#scala-compiler;2.10.3->org.scala-lang#jline;2.10.3 [optional->compile(*)]
loadData of org.scala-lang#jline;2.10.3 of rootConf=default
== resolving dependencies org.scala-lang#jline;2.10.3->org.fusesource.jansi#jansi;1.4 [compile->master(*)]
loadData of org.fusesource.jansi#jansi;1.4 of rootConf=default
	using redefined-public to resolve org.fusesource.jansi#jansi;1.4
redefined-public: Checking cache for: dependency: org.fusesource.jansi#jansi;1.4 {compile=[compile(*), master(*)], runtime=[runtime(*)]}
	no ivy file in cache for org.fusesource.jansi#jansi;1.4: tried /Users/ricardomourad/projetos/scala-koans/ivyrepo/cache/org.fusesource.jansi/jansi/ivy-1.4.xml
	no ivy file in cache for org.fusesource.jansi#jansi;1.4: tried /Users/ricardomourad/projetos/scala-koans/ivyrepo/cache/org.fusesource.jansi/jansi/ivy-1.4.xml
	 trying /Users/ricardomourad/projetos/scala-koans/ivyrepo/local/org.fusesource.jansi/jansi/1.4/ivys/ivy.xml
		tried /Users/ricardomourad/projetos/scala-koans/ivyrepo/local/org.fusesource.jansi/jansi/1.4/ivys/ivy.xml
	local: resource not reachable for org.fusesource.jansi#jansi;1.4: res=/Users/ricardomourad/projetos/scala-koans/ivyrepo/local/org.fusesource.jansi/jansi/1.4/ivys/ivy.xml
	 trying /Users/ricardomourad/projetos/scala-koans/ivyrepo/local/org.fusesource.jansi/jansi/1.4/jars/jansi.jar
		tried /Users/ricardomourad/projetos/scala-koans/ivyrepo/local/org.fusesource.jansi/jansi/1.4/jars/jansi.jar
	local: resource not reachable for org.fusesource.jansi#jansi;1.4: res=/Users/ricardomourad/projetos/scala-koans/ivyrepo/local/org.fusesource.jansi/jansi/1.4/jars/jansi.jar
	local: no ivy file nor artifact found for org.fusesource.jansi#jansi;1.4
	no ivy file in cache for org.fusesource.jansi#jansi;1.4: tried /Users/ricardomourad/projetos/scala-koans/ivyrepo/cache/org.fusesource.jansi/jansi/ivy-1.4.xml
	 trying file:/Users/ricardomourad/tools/activator-dist-1.3.6/repository/org.fusesource.jansi/jansi/1.4/ivys/ivy.xml
		tried file:/Users/ricardomourad/tools/activator-dist-1.3.6/repository/org.fusesource.jansi/jansi/1.4/ivys/ivy.xml
	activator-local: found md file for org.fusesource.jansi#jansi;1.4
		=> file:/Users/ricardomourad/tools/activator-dist-1.3.6/repository/org.fusesource.jansi/jansi/1.4/ivys/ivy.xml (1.4)
	parser = ivy parser
	no ivy file in cache for org.fusesource.jansi#jansi;1.4: tried /Users/ricardomourad/projetos/scala-koans/ivyrepo/cache/org.fusesource.jansi/jansi/ivy-1.4.xml
downloading file:/Users/ricardomourad/tools/activator-dist-1.3.6/repository/org.fusesource.jansi/jansi/1.4/ivys/ivy.xml ...
	activator-local: downloading file:/Users/ricardomourad/tools/activator-dist-1.3.6/repository/org.fusesource.jansi/jansi/1.4/ivys/ivy.xml
		to /Users/ricardomourad/projetos/scala-koans/ivyrepo/cache/org.fusesource.jansi/jansi/ivy-1.4.xml.original.part
sha1 file found for file:/Users/ricardomourad/tools/activator-dist-1.3.6/repository/org.fusesource.jansi/jansi/1.4/ivys/ivy.xml: checking...
	activator-local: downloading file:/Users/ricardomourad/tools/activator-dist-1.3.6/repository/org.fusesource.jansi/jansi/1.4/ivys/ivy.xml.sha1
		to /var/folders/56/pgsls0sn3jnbl1ndc0rcc6rw0000gs/T/ivytmp4503170216163702634sha1
sha1 OK for file:/Users/ricardomourad/tools/activator-dist-1.3.6/repository/org.fusesource.jansi/jansi/1.4/ivys/ivy.xml
	[SUCCESSFUL ] org.fusesource.jansi#jansi;1.4!ivy.xml(ivy.original) (55ms)
post 1.3 ivy file: using exact as default matcher
	default-cache: parsed downloaded md file for org.fusesource.jansi#jansi;1.4; parsed=org.fusesource.jansi#jansi;1.4
	checking org.fusesource.jansi#jansi;1.4 from activator-local against [none]
	module revision kept as first found: org.fusesource.jansi#jansi;1.4 from activator-local
	found org.fusesource.jansi#jansi;1.4 in activator-local
== resolving dependencies org.scala-lang#jline;2.10.3->org.fusesource.jansi#jansi;1.4 [compile->compile(*)]
loadData of org.fusesource.jansi#jansi;1.4 of rootConf=default
== resolving dependencies org.scala-sbt#boot-scala;1.0->org.scala-lang#scala-library;2.10.3 [default->default]
loadData of org.scala-lang#scala-library;2.10.3 of rootConf=default
default is loaded and no conf to load.  Skip loading
== resolving dependencies org.scala-sbt#boot-scala;1.0->org.scala-lang#scala-library;2.10.3 [default->runtime]
loadData of org.scala-lang#scala-library;2.10.3 of rootConf=default
default is loaded and no conf to load.  Skip loading
== resolving dependencies org.scala-sbt#boot-scala;1.0->org.scala-lang#scala-library;2.10.3 [default->compile]
loadData of org.scala-lang#scala-library;2.10.3 of rootConf=default
default is loaded and no conf to load.  Skip loading
== resolving dependencies org.scala-sbt#boot-scala;1.0->org.scala-lang#scala-library;2.10.3 [default->master]
loadData of org.scala-lang#scala-library;2.10.3 of rootConf=default
default is loaded and no conf to load.  Skip loading
Nbr of module to sort : 5
Sort dependencies of : org.scala-lang#scala-compiler;2.10.3 / Number of dependencies = 3
Sort dependencies of : org.scala-lang#scala-library;2.10.3 / Number of dependencies = 0
Sort done for : org.scala-lang#scala-library;2.10.3
Sort dependencies of : org.scala-lang#scala-reflect;2.10.3 / Number of dependencies = 1
Module descriptor is processed : org.scala-lang#scala-library;2.10.3
Sort done for : org.scala-lang#scala-reflect;2.10.3
Sort dependencies of : org.scala-lang#jline;2.10.3 / Number of dependencies = 1
Sort dependencies of : org.fusesource.jansi#jansi;1.4 / Number of dependencies = 1
Sort done for : org.fusesource.jansi#jansi;1.4
Sort done for : org.scala-lang#jline;2.10.3
Sort done for : org.scala-lang#scala-compiler;2.10.3
Module descriptor is processed : org.scala-lang#scala-library;2.10.3
Module descriptor is processed : org.scala-lang#scala-reflect;2.10.3
Module descriptor is processed : org.scala-lang#jline;2.10.3
Module descriptor is processed : org.fusesource.jansi#jansi;1.4
storing dependency org.scala-lang#scala-compiler;2.10.3 in props
storing dependency org.scala-lang#scala-library;2.10.3 in props
	resolved ivy file produced in cache
:: downloading artifacts ::
	[NOT REQUIRED] org.scala-lang#scala-compiler;2.10.3!scala-compiler.jar
	[NOT REQUIRED] org.scala-lang#scala-library;2.10.3!scala-library.jar
	[NOT REQUIRED] org.scala-lang#scala-reflect;2.10.3!scala-reflect.jar
	 trying http://repo1.maven.org/maven2/org/scala-lang/jline/2.10.3/jline-2.10.3.jar
		tried http://repo1.maven.org/maven2/org/scala-lang/jline/2.10.3/jline-2.10.3.jar
downloading http://repo1.maven.org/maven2/org/scala-lang/jline/2.10.3/jline-2.10.3.jar ...
	Maven Central: downloading http://repo1.maven.org/maven2/org/scala-lang/jline/2.10.3/jline-2.10.3.jar
		to /Users/ricardomourad/projetos/scala-koans/ivyrepo/cache/org.scala-lang/jline/jars/jline-2.10.3.jar.part
sha1 file found for http://repo1.maven.org/maven2/org/scala-lang/jline/2.10.3/jline-2.10.3.jar: checking...
	Maven Central: downloading http://repo1.maven.org/maven2/org/scala-lang/jline/2.10.3/jline-2.10.3.jar.sha1
		to /var/folders/56/pgsls0sn3jnbl1ndc0rcc6rw0000gs/T/ivytmp6241673430747290580sha1
sha1 OK for http://repo1.maven.org/maven2/org/scala-lang/jline/2.10.3/jline-2.10.3.jar
	[SUCCESSFUL ] org.scala-lang#jline;2.10.3!jline.jar (1536ms)
	 trying file:/Users/ricardomourad/tools/activator-dist-1.3.6/repository/org.fusesource.jansi/jansi/1.4/jars/jansi.jar
		tried file:/Users/ricardomourad/tools/activator-dist-1.3.6/repository/org.fusesource.jansi/jansi/1.4/jars/jansi.jar
downloading file:/Users/ricardomourad/tools/activator-dist-1.3.6/repository/org.fusesource.jansi/jansi/1.4/jars/jansi.jar ...
	activator-local: downloading file:/Users/ricardomourad/tools/activator-dist-1.3.6/repository/org.fusesource.jansi/jansi/1.4/jars/jansi.jar
		to /Users/ricardomourad/projetos/scala-koans/ivyrepo/cache/org.fusesource.jansi/jansi/jars/jansi-1.4.jar.part
sha1 file found for file:/Users/ricardomourad/tools/activator-dist-1.3.6/repository/org.fusesource.jansi/jansi/1.4/jars/jansi.jar: checking...
	activator-local: downloading file:/Users/ricardomourad/tools/activator-dist-1.3.6/repository/org.fusesource.jansi/jansi/1.4/jars/jansi.jar.sha1
		to /var/folders/56/pgsls0sn3jnbl1ndc0rcc6rw0000gs/T/ivytmp1368391469236263794sha1
sha1 OK for file:/Users/ricardomourad/tools/activator-dist-1.3.6/repository/org.fusesource.jansi/jansi/1.4/jars/jansi.jar
	[SUCCESSFUL ] org.fusesource.jansi#jansi;1.4!jansi.jar (387ms)
:: resolution report :: resolve 1896ms :: artifacts dl 1927ms
Nbr of module to sort : 5
Sort dependencies of : org.scala-lang#scala-compiler;2.10.3 / Number of dependencies = 3
Sort dependencies of : org.scala-lang#scala-library;2.10.3 / Number of dependencies = 0
Sort done for : org.scala-lang#scala-library;2.10.3
Sort dependencies of : org.scala-lang#scala-reflect;2.10.3 / Number of dependencies = 1
Module descriptor is processed : org.scala-lang#scala-library;2.10.3
Sort done for : org.scala-lang#scala-reflect;2.10.3
Sort dependencies of : org.scala-lang#jline;2.10.3 / Number of dependencies = 1
Sort dependencies of : org.fusesource.jansi#jansi;1.4 / Number of dependencies = 1
Sort done for : org.fusesource.jansi#jansi;1.4
Sort done for : org.scala-lang#jline;2.10.3
Sort done for : org.scala-lang#scala-compiler;2.10.3
Module descriptor is processed : org.scala-lang#scala-library;2.10.3
Module descriptor is processed : org.scala-lang#scala-reflect;2.10.3
Module descriptor is processed : org.scala-lang#jline;2.10.3
Module descriptor is processed : org.fusesource.jansi#jansi;1.4
	report for org.scala-sbt#boot-scala;1.0 default produced in /Users/ricardomourad/projetos/scala-koans/sbtboot/resolution-cache/org.scala-sbt-boot-scala-default.xml
	resolve done (1896ms resolve - 1927ms download)
setting 'scala' to '2.10.3'
:: retrieving :: org.scala-sbt#boot-scala
	checkUpToDate=true
post 1.3 ivy file: using exact as default matcher
no explicit confs given for retrieve, using ivy file: file:/Users/ricardomourad/projetos/scala-koans/sbtboot/resolution-cache/resolved-org.scala-sbt-boot-scala-1.0.xml
	confs: [default]
	retrieving /Users/ricardomourad/projetos/scala-koans/ivyrepo/cache/org.scala-lang/scala-reflect/jars/scala-reflect-2.10.3.jar
		to /Users/ricardomourad/projetos/scala-koans/sbtboot/scala-2.10.3/lib/scala-reflect.jar
	retrieving /Users/ricardomourad/projetos/scala-koans/ivyrepo/cache/org.scala-lang/scala-compiler/jars/scala-compiler-2.10.3.jar
		to /Users/ricardomourad/projetos/scala-koans/sbtboot/scala-2.10.3/lib/scala-compiler.jar
	retrieving /Users/ricardomourad/projetos/scala-koans/ivyrepo/cache/org.fusesource.jansi/jansi/jars/jansi-1.4.jar
		to /Users/ricardomourad/projetos/scala-koans/sbtboot/scala-2.10.3/lib/jansi.jar
	retrieving /Users/ricardomourad/projetos/scala-koans/ivyrepo/cache/org.scala-lang/jline/jars/jline-2.10.3.jar
		to /Users/ricardomourad/projetos/scala-koans/sbtboot/scala-2.10.3/lib/jline.jar
	retrieving /Users/ricardomourad/projetos/scala-koans/ivyrepo/cache/org.scala-lang/scala-library/jars/scala-library-2.10.3.jar
		to /Users/ricardomourad/projetos/scala-koans/sbtboot/scala-2.10.3/lib/scala-library.jar
	5 artifacts copied, 0 already retrieved (24447kB/685ms)
	retrieve done (685ms)
